{"/Users/av_jortega/Documents/Pruebas Jest/src/Bubble/bubbleSort.js": {"path":"/Users/av_jortega/Documents/Pruebas Jest/src/Bubble/bubbleSort.js","statementMap":{"0":{"start":{"line":2,"column":14},"end":{"line":2,"column":24}},"1":{"start":{"line":3,"column":4},"end":{"line":9,"column":5}},"2":{"start":{"line":3,"column":17},"end":{"line":3,"column":18}},"3":{"start":{"line":4,"column":6},"end":{"line":8,"column":7}},"4":{"start":{"line":4,"column":19},"end":{"line":4,"column":20}},"5":{"start":{"line":5,"column":8},"end":{"line":7,"column":9}},"6":{"start":{"line":6,"column":10},"end":{"line":6,"column":66}},"7":{"start":{"line":11,"column":4},"end":{"line":11,"column":15}},"8":{"start":{"line":13,"column":2},"end":{"line":13,"column":30}}},"fnMap":{"0":{"name":"bubblesort","decl":{"start":{"line":1,"column":9},"end":{"line":1,"column":19}},"loc":{"start":{"line":1,"column":27},"end":{"line":12,"column":3}},"line":1}},"branchMap":{"0":{"loc":{"start":{"line":5,"column":8},"end":{"line":7,"column":9}},"type":"if","locations":[{"start":{"line":5,"column":8},"end":{"line":7,"column":9}},{"start":{},"end":{}}],"line":5}},"s":{"0":1,"1":1,"2":1,"3":2,"4":2,"5":1,"6":1,"7":1,"8":1},"f":{"0":1},"b":{"0":[1,0]},"_coverageSchema":"1a1c01bbd47fc00a2c39e90264f33305004495a9","hash":"624e35ba21ea49872f7e617bbe6cee1944482502"}
,"/Users/av_jortega/Documents/Pruebas Jest/src/Insertion/insertionSort.js": {"path":"/Users/av_jortega/Documents/Pruebas Jest/src/Insertion/insertionSort.js","statementMap":{"0":{"start":{"line":1,"column":22},"end":{"line":16,"column":3}},"1":{"start":{"line":2,"column":14},"end":{"line":2,"column":24}},"2":{"start":{"line":5,"column":4},"end":{"line":13,"column":5}},"3":{"start":{"line":5,"column":18},"end":{"line":5,"column":19}},"4":{"start":{"line":6,"column":6},"end":{"line":6,"column":12}},"5":{"start":{"line":7,"column":6},"end":{"line":7,"column":22}},"6":{"start":{"line":8,"column":6},"end":{"line":11,"column":7}},"7":{"start":{"line":9,"column":8},"end":{"line":9,"column":32}},"8":{"start":{"line":10,"column":8},"end":{"line":10,"column":12}},"9":{"start":{"line":12,"column":6},"end":{"line":12,"column":22}},"10":{"start":{"line":15,"column":4},"end":{"line":15,"column":15}},"11":{"start":{"line":17,"column":2},"end":{"line":17,"column":33}}},"fnMap":{"0":{"name":"(anonymous_0)","decl":{"start":{"line":1,"column":22},"end":{"line":1,"column":23}},"loc":{"start":{"line":1,"column":29},"end":{"line":16,"column":3}},"line":1}},"branchMap":{"0":{"loc":{"start":{"line":8,"column":14},"end":{"line":8,"column":42}},"type":"binary-expr","locations":[{"start":{"line":8,"column":14},"end":{"line":8,"column":19}},{"start":{"line":8,"column":23},"end":{"line":8,"column":42}}],"line":8}},"s":{"0":1,"1":1,"2":1,"3":1,"4":1,"5":1,"6":1,"7":1,"8":1,"9":1,"10":1,"11":1},"f":{"0":1},"b":{"0":[2,1]},"_coverageSchema":"1a1c01bbd47fc00a2c39e90264f33305004495a9","hash":"cb99a4df4767a2e979bb42556ea8473d6c8cbcbc"}
}
